Season 3 Price Updater (Optimized) started.
[2026-02-05 11:23:03.958800+09:00] Processing Price Update (Market Open: True)...
  -> KOSPI: Synced 551 stock changes.
  -> KOSDAQ: Synced 700 stock changes.
Scheduler mode changed. Market Open: True, Interval: 30s
[2026-02-05 11:23:36.032316+09:00] Processing Price Update (Market Open: True)...
  -> KOSPI: Synced 334 stock changes.
  -> KOSDAQ: Synced 380 stock changes.
[2026-02-05 11:24:07.229541+09:00] Processing Price Update (Market Open: True)...
  -> KOSPI: Synced 127 stock changes.
  -> KOSDAQ: Synced 232 stock changes.
[2026-02-05 11:24:38.290212+09:00] Processing Price Update (Market Open: True)...
  -> KOSPI: Synced 248 stock changes.
  -> KOSDAQ: Synced 246 stock changes.
[2026-02-05 11:25:09.349696+09:00] Processing Price Update (Market Open: True)...
  -> KOSPI: Synced 220 stock changes.
  -> KOSDAQ: Synced 315 stock changes.
[2026-02-05 11:25:40.395715+09:00] Processing Price Update (Market Open: True)...
  -> KOSPI: Synced 151 stock changes.
  -> KOSDAQ: Synced 137 stock changes.
[2026-02-05 11:26:11.399111+09:00] Processing Price Update (Market Open: True)...
  -> KOSPI: Synced 220 stock changes.
  -> KOSDAQ: Synced 342 stock changes.
[2026-02-05 11:26:42.492579+09:00] Processing Price Update (Market Open: True)...
  -> KOSPI: Synced 121 stock changes.
  -> KOSDAQ: Synced 87 stock changes.
[2026-02-05 11:27:13.599340+09:00] Processing Price Update (Market Open: True)...
  -> KOSPI: Synced 289 stock changes.
  -> KOSDAQ: Synced 404 stock changes.
[2026-02-05 11:27:44.707348+09:00] Processing Price Update (Market Open: True)...
  -> KOSPI: Synced 63 stock changes.
[2026-02-05 11:28:15.591588+09:00] Processing Price Update (Market Open: True)...
  -> KOSPI: Synced 328 stock changes.
  -> KOSDAQ: Synced 426 stock changes.
[2026-02-05 11:28:46.694787+09:00] Processing Price Update (Market Open: True)...
  -> KOSPI: Synced 36 stock changes.
[2026-02-05 11:29:17.608375+09:00] Processing Price Update (Market Open: True)...
  -> KOSPI: Synced 323 stock changes.
  -> KOSDAQ: Synced 424 stock changes.
[2026-02-05 11:29:48.678276+09:00] Processing Price Update (Market Open: True)...
  -> KOSPI: Synced 1 stock changes.
[2026-02-05 11:30:19.539153+09:00] Processing Price Update (Market Open: True)...
  -> KOSPI: Synced 336 stock changes.
  -> KOSDAQ: Synced 386 stock changes.
[2026-02-05 11:30:50.633272+09:00] Processing Price Update (Market Open: True)...
[2026-02-05 11:31:21.404459+09:00] Processing Price Update (Market Open: True)...
  -> KOSPI: Synced 381 stock changes.
  -> KOSDAQ: Synced 456 stock changes.
[2026-02-05 11:31:52.559035+09:00] Processing Price Update (Market Open: True)...
[2026-02-05 11:32:23.352213+09:00] Processing Price Update (Market Open: True)...
  -> KOSPI: Synced 357 stock changes.
  -> KOSDAQ: Synced 404 stock changes.
[2026-02-05 11:32:54.444444+09:00] Processing Price Update (Market Open: True)...
  -> KOSDAQ: Synced 1 stock changes.
[2026-02-05 11:33:25.313223+09:00] Processing Price Update (Market Open: True)...
  -> KOSPI: Synced 349 stock changes.
  -> KOSDAQ: Synced 396 stock changes.
[2026-02-05 11:33:56.448581+09:00] Processing Price Update (Market Open: True)...
[2026-02-05 11:34:27.418652+09:00] Processing Price Update (Market Open: True)...
  -> KOSPI: Synced 383 stock changes.
  -> KOSDAQ: Synced 417 stock changes.
[2026-02-05 11:34:58.563642+09:00] Processing Price Update (Market Open: True)...
[2026-02-05 11:35:29.374087+09:00] Processing Price Update (Market Open: True)...
  -> KOSPI: Synced 352 stock changes.
  -> KOSDAQ: Synced 386 stock changes.
[2026-02-05 11:36:00.929774+09:00] Processing Price Update (Market Open: True)...
[2026-02-05 11:36:31.787939+09:00] Processing Price Update (Market Open: True)...
  -> KOSPI: Synced 374 stock changes.
  -> KOSDAQ: Synced 396 stock changes.
[2026-02-05 11:37:02.853214+09:00] Processing Price Update (Market Open: True)...
  -> KOSPI: Synced 24 stock changes.
  -> KOSDAQ: Synced 64 stock changes.
[2026-02-05 11:37:33.870446+09:00] Processing Price Update (Market Open: True)...
  -> KOSPI: Synced 323 stock changes.
  -> KOSDAQ: Synced 350 stock changes.
[2026-02-05 11:38:04.960116+09:00] Processing Price Update (Market Open: True)...
  -> KOSPI: Synced 76 stock changes.
  -> KOSDAQ: Synced 124 stock changes.
[2026-02-05 11:38:35.987927+09:00] Processing Price Update (Market Open: True)...
  -> KOSPI: Synced 255 stock changes.
  -> KOSDAQ: Synced 270 stock changes.
[2026-02-05 11:39:07.050297+09:00] Processing Price Update (Market Open: True)...
  -> KOSPI: Synced 130 stock changes.
  -> KOSDAQ: Synced 187 stock changes.
[2026-02-05 11:39:38.087560+09:00] Processing Price Update (Market Open: True)...
  -> KOSPI: Synced 218 stock changes.
  -> KOSDAQ: Synced 183 stock changes.
[2026-02-05 11:40:09.166906+09:00] Processing Price Update (Market Open: True)...
  -> KOSPI: Synced 182 stock changes.
  -> KOSDAQ: Synced 213 stock changes.
[2026-02-05 11:40:40.230205+09:00] Processing Price Update (Market Open: True)...
  -> KOSPI: Synced 141 stock changes.
  -> KOSDAQ: Synced 149 stock changes.
[2026-02-05 11:41:12.262584+09:00] Processing Price Update (Market Open: True)...
  -> KOSPI: Synced 243 stock changes.
  -> KOSDAQ: Synced 365 stock changes.
[2026-02-05 11:41:43.627620+09:00] Processing Price Update (Market Open: True)...
  -> KOSPI: Synced 88 stock changes.
  -> KOSDAQ: Synced 14 stock changes.
[2026-02-05 11:42:14.651263+09:00] Processing Price Update (Market Open: True)...
  -> KOSPI: Synced 287 stock changes.
  -> KOSDAQ: Synced 367 stock changes.
[2026-02-05 11:42:45.719025+09:00] Processing Price Update (Market Open: True)...
  -> KOSPI: Synced 58 stock changes.
[2026-02-05 11:43:16.649633+09:00] Processing Price Update (Market Open: True)...
  -> KOSPI: Synced 346 stock changes.
  -> KOSDAQ: Synced 373 stock changes.
[2026-02-05 11:43:47.844334+09:00] Processing Price Update (Market Open: True)...
  -> KOSPI: Synced 11 stock changes.
[2026-02-05 11:44:18.732351+09:00] Processing Price Update (Market Open: True)...
  -> KOSPI: Synced 333 stock changes.
  -> KOSDAQ: Synced 367 stock changes.
[2026-02-05 11:44:49.812736+09:00] Processing Price Update (Market Open: True)...
  -> KOSDAQ: Synced 1 stock changes.
[2026-02-05 11:45:20.689723+09:00] Processing Price Update (Market Open: True)...
  -> KOSPI: Synced 327 stock changes.
  -> KOSDAQ: Synced 356 stock changes.
[2026-02-05 11:45:51.798443+09:00] Processing Price Update (Market Open: True)...
[2026-02-05 11:46:22.570865+09:00] Processing Price Update (Market Open: True)...
  -> KOSPI: Synced 339 stock changes.
  -> KOSDAQ: Synced 401 stock changes.
[2026-02-05 11:46:53.779728+09:00] Processing Price Update (Market Open: True)...
[2026-02-05 11:47:24.628697+09:00] Processing Price Update (Market Open: True)...
  -> KOSPI: Synced 382 stock changes.
  -> KOSDAQ: Synced 415 stock changes.
[2026-02-05 11:47:55.877794+09:00] Processing Price Update (Market Open: True)...
  -> KOSPI: Synced 1 stock changes.
[2026-02-05 11:48:26.879143+09:00] Processing Price Update (Market Open: True)...
  -> KOSPI: Synced 353 stock changes.
  -> KOSDAQ: Synced 381 stock changes.
[2026-02-05 11:48:58.119951+09:00] Processing Price Update (Market Open: True)...
[2026-02-05 11:49:28.999960+09:00] Processing Price Update (Market Open: True)...
  -> KOSPI: Synced 382 stock changes.
  -> KOSDAQ: Synced 413 stock changes.
[2026-02-05 11:50:00.199978+09:00] Processing Price Update (Market Open: True)...
[2026-02-05 11:50:31.063161+09:00] Processing Price Update (Market Open: True)...
  -> KOSPI: Synced 338 stock changes.
  -> KOSDAQ: Synced 391 stock changes.
[2026-02-05 11:51:02.451515+09:00] Processing Price Update (Market Open: True)...
  -> KOSPI: Synced 21 stock changes.
  -> KOSDAQ: Synced 52 stock changes.
[2026-02-05 11:51:33.802218+09:00] Processing Price Update (Market Open: True)...
  -> KOSPI: Synced 312 stock changes.
  -> KOSDAQ: Synced 346 stock changes.
[2026-02-05 11:52:04.958823+09:00] Processing Price Update (Market Open: True)...
  -> KOSPI: Synced 78 stock changes.
  -> KOSDAQ: Synced 88 stock changes.
[2026-02-05 11:52:36.120489+09:00] Processing Price Update (Market Open: True)...
  -> KOSPI: Synced 307 stock changes.
  -> KOSDAQ: Synced 341 stock changes.
[2026-02-05 11:53:07.272847+09:00] Processing Price Update (Market Open: True)...
  -> KOSPI: Synced 135 stock changes.
  -> KOSDAQ: Synced 198 stock changes.
[2026-02-05 11:53:38.411255+09:00] Processing Price Update (Market Open: True)...
  -> KOSPI: Synced 178 stock changes.
  -> KOSDAQ: Synced 193 stock changes.
[2026-02-05 11:54:09.540143+09:00] Processing Price Update (Market Open: True)...
  -> KOSPI: Synced 205 stock changes.
  -> KOSDAQ: Synced 238 stock changes.
[2026-02-05 11:54:40.724739+09:00] Processing Price Update (Market Open: True)...
  -> KOSPI: Synced 161 stock changes.
  -> KOSDAQ: Synced 195 stock changes.
[2026-02-05 11:55:11.884701+09:00] Processing Price Update (Market Open: True)...
  -> KOSPI: Synced 283 stock changes.
  -> KOSDAQ: Synced 364 stock changes.
[2026-02-05 11:55:43.078942+09:00] Processing Price Update (Market Open: True)...
  -> KOSPI: Synced 108 stock changes.
  -> KOSDAQ: Synced 44 stock changes.
[2026-02-05 11:56:14.188989+09:00] Processing Price Update (Market Open: True)...
  -> KOSPI: Synced 300 stock changes.
  -> KOSDAQ: Synced 409 stock changes.
[2026-02-05 11:56:45.373905+09:00] Processing Price Update (Market Open: True)...
  -> KOSPI: Synced 68 stock changes.
  -> KOSDAQ: Synced 13 stock changes.
[2026-02-05 11:57:16.450230+09:00] Processing Price Update (Market Open: True)...
  -> KOSPI: Synced 326 stock changes.
  -> KOSDAQ: Synced 386 stock changes.
[2026-02-05 11:57:47.650302+09:00] Processing Price Update (Market Open: True)...
  -> KOSPI: Synced 16 stock changes.
[2026-02-05 11:58:18.608768+09:00] Processing Price Update (Market Open: True)...
  -> KOSPI: Synced 336 stock changes.
  -> KOSDAQ: Synced 390 stock changes.
[2026-02-05 11:58:49.808218+09:00] Processing Price Update (Market Open: True)...
[2026-02-05 11:59:20.896272+09:00] Processing Price Update (Market Open: True)...
  -> KOSPI: Synced 374 stock changes.
  -> KOSDAQ: Synced 425 stock changes.
[2026-02-05 11:59:52.176870+09:00] Processing Price Update (Market Open: True)...
[2026-02-05 12:00:23.326175+09:00] Processing Price Update (Market Open: True)...
  -> KOSPI: Synced 366 stock changes.
  -> KOSDAQ: Synced 416 stock changes.
[2026-02-05 12:00:54.487294+09:00] Processing Price Update (Market Open: True)...
  -> KOSDAQ: Synced 1 stock changes.
[2026-02-05 12:01:25.467513+09:00] Processing Price Update (Market Open: True)...
  -> KOSPI: Synced 339 stock changes.
  -> KOSDAQ: Synced 417 stock changes.
[2026-02-05 12:01:56.684623+09:00] Processing Price Update (Market Open: True)...
[2026-02-05 12:02:27.587187+09:00] Processing Price Update (Market Open: True)...
  -> KOSPI: Synced 350 stock changes.
  -> KOSDAQ: Synced 422 stock changes.
[2026-02-05 12:02:58.816890+09:00] Processing Price Update (Market Open: True)...
[2026-02-05 12:03:29.774660+09:00] Processing Price Update (Market Open: True)...
  -> KOSPI: Synced 351 stock changes.
  -> KOSDAQ: Synced 404 stock changes.
[2026-02-05 12:04:01.236417+09:00] Processing Price Update (Market Open: True)...
  -> KOSDAQ: Synced 13 stock changes.
[2026-02-05 12:04:32.308347+09:00] Processing Price Update (Market Open: True)...
  -> KOSPI: Synced 349 stock changes.
  -> KOSDAQ: Synced 407 stock changes.
[2026-02-05 12:05:03.576325+09:00] Processing Price Update (Market Open: True)...
  -> KOSPI: Synced 43 stock changes.
  -> KOSDAQ: Synced 89 stock changes.
[2026-02-05 12:05:34.667375+09:00] Processing Price Update (Market Open: True)...
  -> KOSPI: Synced 295 stock changes.
  -> KOSDAQ: Synced 308 stock changes.
[2026-02-05 12:06:05.908887+09:00] Processing Price Update (Market Open: True)...
  -> KOSPI: Synced 74 stock changes.
  -> KOSDAQ: Synced 124 stock changes.
[2026-02-05 12:06:37.091922+09:00] Processing Price Update (Market Open: True)...
  -> KOSPI: Synced 258 stock changes.
  -> KOSDAQ: Synced 263 stock changes.
[2026-02-05 12:07:08.278478+09:00] Processing Price Update (Market Open: True)...
  -> KOSPI: Synced 173 stock changes.
  -> KOSDAQ: Synced 257 stock changes.
[2026-02-05 12:07:39.467014+09:00] Processing Price Update (Market Open: True)...
  -> KOSPI: Synced 171 stock changes.
  -> KOSDAQ: Synced 136 stock changes.
[2026-02-05 12:08:10.635110+09:00] Processing Price Update (Market Open: True)...
  -> KOSPI: Synced 214 stock changes.
  -> KOSDAQ: Synced 331 stock changes.
[2026-02-05 12:08:41.868170+09:00] Processing Price Update (Market Open: True)...
  -> KOSPI: Synced 111 stock changes.
  -> KOSDAQ: Synced 55 stock changes.
[2026-02-05 12:09:13.058600+09:00] Processing Price Update (Market Open: True)...
  -> KOSPI: Synced 260 stock changes.
  -> KOSDAQ: Synced 364 stock changes.
[2026-02-05 12:09:44.229791+09:00] Processing Price Update (Market Open: True)...
  -> KOSPI: Synced 62 stock changes.
  -> KOSDAQ: Synced 26 stock changes.
[2026-02-05 12:10:15.340433+09:00] Processing Price Update (Market Open: True)...
  -> KOSPI: Synced 278 stock changes.
  -> KOSDAQ: Synced 373 stock changes.
[2026-02-05 12:10:46.516076+09:00] Processing Price Update (Market Open: True)...
  -> KOSPI: Synced 30 stock changes.
[2026-02-05 12:11:17.766731+09:00] Processing Price Update (Market Open: True)...
  -> KOSPI: Synced 397 stock changes.
  -> KOSDAQ: Synced 503 stock changes.
[2026-02-05 12:11:49.027391+09:00] Processing Price Update (Market Open: True)...
  -> KOSPI: Synced 9 stock changes.
[2026-02-05 12:12:20.024153+09:00] Processing Price Update (Market Open: True)...
  -> KOSPI: Synced 338 stock changes.
  -> KOSDAQ: Synced 418 stock changes.
[2026-02-05 12:12:51.257161+09:00] Processing Price Update (Market Open: True)...
[2026-02-05 12:13:22.298744+09:00] Processing Price Update (Market Open: True)...
  -> KOSPI: Synced 318 stock changes.
  -> KOSDAQ: Synced 375 stock changes.
[2026-02-05 12:13:53.482063+09:00] Processing Price Update (Market Open: True)...
[2026-02-05 12:14:24.358314+09:00] Processing Price Update (Market Open: True)...
  -> KOSPI: Synced 330 stock changes.
  -> KOSDAQ: Synced 384 stock changes.
[2026-02-05 12:14:55.676684+09:00] Processing Price Update (Market Open: True)...
[2026-02-05 12:15:26.616159+09:00] Processing Price Update (Market Open: True)...
  -> KOSPI: Synced 304 stock changes.
  -> KOSDAQ: Synced 377 stock changes.
[2026-02-05 12:15:57.815456+09:00] Processing Price Update (Market Open: True)...
[2026-02-05 12:16:28.691023+09:00] Processing Price Update (Market Open: True)...
  -> KOSPI: Synced 339 stock changes.
  -> KOSDAQ: Synced 393 stock changes.
[2026-02-05 12:16:59.911055+09:00] Processing Price Update (Market Open: True)...
  -> KOSDAQ: Synced 1 stock changes.
[2026-02-05 12:17:30.934383+09:00] Processing Price Update (Market Open: True)...
  -> KOSPI: Synced 346 stock changes.
  -> KOSDAQ: Synced 409 stock changes.
[2026-02-05 12:18:02.199473+09:00] Processing Price Update (Market Open: True)...
  -> KOSPI: Synced 12 stock changes.
  -> KOSDAQ: Synced 42 stock changes.
[2026-02-05 12:18:33.305294+09:00] Processing Price Update (Market Open: True)...
  -> KOSPI: Synced 300 stock changes.
  -> KOSDAQ: Synced 344 stock changes.
[2026-02-05 12:19:04.507626+09:00] Processing Price Update (Market Open: True)...
  -> KOSPI: Synced 57 stock changes.
  -> KOSDAQ: Synced 115 stock changes.
[2026-02-05 12:19:35.695761+09:00] Processing Price Update (Market Open: True)...
  -> KOSPI: Synced 248 stock changes.
  -> KOSDAQ: Synced 280 stock changes.
[2026-02-05 12:20:07.409998+09:00] Processing Price Update (Market Open: True)...
  -> KOSPI: Synced 157 stock changes.
  -> KOSDAQ: Synced 195 stock changes.
[2026-02-05 12:20:38.539922+09:00] Processing Price Update (Market Open: True)...
  -> KOSPI: Synced 207 stock changes.
  -> KOSDAQ: Synced 209 stock changes.
[2026-02-05 12:21:09.729290+09:00] Processing Price Update (Market Open: True)...
  -> KOSPI: Synced 230 stock changes.
  -> KOSDAQ: Synced 334 stock changes.
[2026-02-05 12:21:40.956948+09:00] Processing Price Update (Market Open: True)...
  -> KOSPI: Synced 143 stock changes.
  -> KOSDAQ: Synced 100 stock changes.
[2026-02-05 12:22:12.110267+09:00] Processing Price Update (Market Open: True)...
  -> KOSPI: Synced 262 stock changes.
  -> KOSDAQ: Synced 381 stock changes.
[2026-02-05 12:22:43.323571+09:00] Processing Price Update (Market Open: True)...
  -> KOSPI: Synced 86 stock changes.
  -> KOSDAQ: Synced 15 stock changes.
[2026-02-05 12:23:14.470419+09:00] Processing Price Update (Market Open: True)...
  -> KOSPI: Synced 312 stock changes.
  -> KOSDAQ: Synced 385 stock changes.
[2026-02-05 12:23:46.104769+09:00] Processing Price Update (Market Open: True)...
  -> KOSPI: Synced 18 stock changes.
[2026-02-05 12:24:17.322825+09:00] Processing Price Update (Market Open: True)...
  -> KOSPI: Synced 354 stock changes.
  -> KOSDAQ: Synced 353 stock changes.
[2026-02-05 12:24:48.723127+09:00] Processing Price Update (Market Open: True)...
[2026-02-05 12:25:19.710716+09:00] Processing Price Update (Market Open: True)...
  -> KOSPI: Synced 318 stock changes.
  -> KOSDAQ: Synced 368 stock changes.
[2026-02-05 12:25:50.999269+09:00] Processing Price Update (Market Open: True)...
[2026-02-05 12:26:21.859678+09:00] Processing Price Update (Market Open: True)...
  -> KOSPI: Synced 325 stock changes.
  -> KOSDAQ: Synced 366 stock changes.
[2026-02-05 12:26:53.146323+09:00] Processing Price Update (Market Open: True)...
[2026-02-05 12:27:24.021239+09:00] Processing Price Update (Market Open: True)...
  -> KOSPI: Synced 330 stock changes.
  -> KOSDAQ: Synced 384 stock changes.
[2026-02-05 12:27:55.217245+09:00] Processing Price Update (Market Open: True)...
[2026-02-05 12:28:26.173831+09:00] Processing Price Update (Market Open: True)...
  -> KOSPI: Synced 334 stock changes.
  -> KOSDAQ: Synced 378 stock changes.
[2026-02-05 12:28:57.383149+09:00] Processing Price Update (Market Open: True)...
[2026-02-05 12:29:28.317062+09:00] Processing Price Update (Market Open: True)...
  -> KOSPI: Synced 350 stock changes.
  -> KOSDAQ: Synced 412 stock changes.
[2026-02-05 12:29:59.510792+09:00] Processing Price Update (Market Open: True)...
[2026-02-05 12:30:30.348214+09:00] Processing Price Update (Market Open: True)...
  -> KOSPI: Synced 309 stock changes.
  -> KOSDAQ: Synced 388 stock changes.
[2026-02-05 12:31:01.531884+09:00] Processing Price Update (Market Open: True)...
[2026-02-05 12:31:32.449164+09:00] Processing Price Update (Market Open: True)...
  -> KOSPI: Synced 323 stock changes.
  -> KOSDAQ: Synced 387 stock changes.
[2026-02-05 12:32:03.587271+09:00] Processing Price Update (Market Open: True)...
  -> KOSPI: Synced 43 stock changes.
  -> KOSDAQ: Synced 61 stock changes.
[2026-02-05 12:32:34.659470+09:00] Processing Price Update (Market Open: True)...
  -> KOSPI: Synced 278 stock changes.
  -> KOSDAQ: Synced 300 stock changes.
[2026-02-05 12:33:05.827028+09:00] Processing Price Update (Market Open: True)...
  -> KOSPI: Synced 92 stock changes.
  -> KOSDAQ: Synced 128 stock changes.
[2026-02-05 12:33:36.990688+09:00] Processing Price Update (Market Open: True)...
  -> KOSPI: Synced 228 stock changes.
  -> KOSDAQ: Synced 232 stock changes.
[2026-02-05 12:34:08.165838+09:00] Processing Price Update (Market Open: True)...
  -> KOSPI: Synced 150 stock changes.
  -> KOSDAQ: Synced 232 stock changes.
[2026-02-05 12:34:39.419237+09:00] Processing Price Update (Market Open: True)...
  -> KOSPI: Synced 207 stock changes.
  -> KOSDAQ: Synced 197 stock changes.
[2026-02-05 12:35:10.565262+09:00] Processing Price Update (Market Open: True)...
  -> KOSPI: Synced 252 stock changes.
  -> KOSDAQ: Synced 355 stock changes.
[2026-02-05 12:35:41.762230+09:00] Processing Price Update (Market Open: True)...
  -> KOSPI: Synced 107 stock changes.
  -> KOSDAQ: Synced 48 stock changes.
[2026-02-05 12:36:12.860345+09:00] Processing Price Update (Market Open: True)...
  -> KOSPI: Synced 234 stock changes.
  -> KOSDAQ: Synced 352 stock changes.
[2026-02-05 12:36:44.488456+09:00] Processing Price Update (Market Open: True)...
  -> KOSPI: Synced 90 stock changes.
  -> KOSDAQ: Synced 29 stock changes.
[2026-02-05 12:37:15.622686+09:00] Processing Price Update (Market Open: True)...
  -> KOSPI: Synced 334 stock changes.
  -> KOSDAQ: Synced 378 stock changes.
[2026-02-05 12:37:47.112345+09:00] Processing Price Update (Market Open: True)...
  -> KOSPI: Synced 3 stock changes.
[2026-02-05 12:38:18.105269+09:00] Processing Price Update (Market Open: True)...
  -> KOSPI: Synced 323 stock changes.
  -> KOSDAQ: Synced 370 stock changes.
[2026-02-05 12:38:49.273627+09:00] Processing Price Update (Market Open: True)...
[2026-02-05 12:39:20.149747+09:00] Processing Price Update (Market Open: True)...
  -> KOSPI: Synced 309 stock changes.
  -> KOSDAQ: Synced 373 stock changes.
[2026-02-05 12:39:51.350645+09:00] Processing Price Update (Market Open: True)...
  -> KOSDAQ: Synced 1 stock changes.
[2026-02-05 12:40:22.316268+09:00] Processing Price Update (Market Open: True)...
  -> KOSPI: Synced 330 stock changes.
  -> KOSDAQ: Synced 360 stock changes.
[2026-02-05 12:40:53.516971+09:00] Processing Price Update (Market Open: True)...
[2026-02-05 12:41:24.431431+09:00] Processing Price Update (Market Open: True)...
  -> KOSPI: Synced 322 stock changes.
  -> KOSDAQ: Synced 388 stock changes.
[2026-02-05 12:41:55.603738+09:00] Processing Price Update (Market Open: True)...
  -> KOSDAQ: Synced 1 stock changes.
[2026-02-05 12:42:26.541167+09:00] Processing Price Update (Market Open: True)...
  -> KOSPI: Synced 343 stock changes.
  -> KOSDAQ: Synced 369 stock changes.
[2026-02-05 12:42:57.756856+09:00] Processing Price Update (Market Open: True)...
[2026-02-05 12:43:28.631339+09:00] Processing Price Update (Market Open: True)...
  -> KOSPI: Synced 325 stock changes.
  -> KOSDAQ: Synced 353 stock changes.
[2026-02-05 12:43:59.840100+09:00] Processing Price Update (Market Open: True)...
[2026-02-05 12:44:30.760851+09:00] Processing Price Update (Market Open: True)...
  -> KOSPI: Synced 330 stock changes.
  -> KOSDAQ: Synced 357 stock changes.
[2026-02-05 12:45:01.973706+09:00] Processing Price Update (Market Open: True)...
  -> KOSPI: Synced 9 stock changes.
  -> KOSDAQ: Synced 28 stock changes.
[2026-02-05 12:45:33.119503+09:00] Processing Price Update (Market Open: True)...
  -> KOSPI: Synced 279 stock changes.
  -> KOSDAQ: Synced 299 stock changes.
[2026-02-05 12:46:04.304696+09:00] Processing Price Update (Market Open: True)...
  -> KOSPI: Synced 33 stock changes.
  -> KOSDAQ: Synced 75 stock changes.
[2026-02-05 12:46:35.425488+09:00] Processing Price Update (Market Open: True)...
  -> KOSPI: Synced 273 stock changes.
  -> KOSDAQ: Synced 288 stock changes.
[2026-02-05 12:47:06.551092+09:00] Processing Price Update (Market Open: True)...
  -> KOSPI: Synced 96 stock changes.
  -> KOSDAQ: Synced 181 stock changes.
[2026-02-05 12:47:37.680017+09:00] Processing Price Update (Market Open: True)...
  -> KOSPI: Synced 218 stock changes.
  -> KOSDAQ: Synced 196 stock changes.
[2026-02-05 12:48:08.833630+09:00] Processing Price Update (Market Open: True)...
  -> KOSPI: Synced 196 stock changes.
  -> KOSDAQ: Synced 246 stock changes.
[2026-02-05 12:48:40.032127+09:00] Processing Price Update (Market Open: True)...
  -> KOSPI: Synced 171 stock changes.
  -> KOSDAQ: Synced 157 stock changes.
[2026-02-05 12:49:11.196770+09:00] Processing Price Update (Market Open: True)...
  -> KOSPI: Synced 236 stock changes.
  -> KOSDAQ: Synced 317 stock changes.
[2026-02-05 12:49:42.379003+09:00] Processing Price Update (Market Open: True)...
  -> KOSPI: Synced 118 stock changes.
  -> KOSDAQ: Synced 79 stock changes.
[2026-02-05 12:50:13.530903+09:00] Processing Price Update (Market Open: True)...
  -> KOSPI: Synced 250 stock changes.
  -> KOSDAQ: Synced 460 stock changes.
[2026-02-05 12:50:44.748599+09:00] Processing Price Update (Market Open: True)...
  -> KOSPI: Synced 91 stock changes.
[2026-02-05 12:51:15.727034+09:00] Processing Price Update (Market Open: True)...
  -> KOSPI: Synced 338 stock changes.
  -> KOSDAQ: Synced 429 stock changes.
[2026-02-05 12:51:46.923636+09:00] Processing Price Update (Market Open: True)...
  -> KOSPI: Synced 26 stock changes.
[2026-02-05 12:52:17.883967+09:00] Processing Price Update (Market Open: True)...
  -> KOSPI: Synced 321 stock changes.
  -> KOSDAQ: Synced 420 stock changes.
[2026-02-05 12:52:49.338644+09:00] Processing Price Update (Market Open: True)...
  -> KOSPI: Synced 6 stock changes.
[2026-02-05 12:53:20.294471+09:00] Processing Price Update (Market Open: True)...
  -> KOSPI: Synced 306 stock changes.
  -> KOSDAQ: Synced 408 stock changes.
[2026-02-05 12:53:51.486749+09:00] Processing Price Update (Market Open: True)...
[2026-02-05 12:54:22.321761+09:00] Processing Price Update (Market Open: True)...
  -> KOSPI: Synced 334 stock changes.
  -> KOSDAQ: Synced 392 stock changes.
[2026-02-05 12:54:53.546718+09:00] Processing Price Update (Market Open: True)...
[2026-02-05 12:55:24.473305+09:00] Processing Price Update (Market Open: True)...
  -> KOSPI: Synced 343 stock changes.
  -> KOSDAQ: Synced 392 stock changes.
[2026-02-05 12:55:55.624913+09:00] Processing Price Update (Market Open: True)...
[2026-02-05 12:56:26.519706+09:00] Processing Price Update (Market Open: True)...
  -> KOSPI: Synced 349 stock changes.
  -> KOSDAQ: Synced 399 stock changes.
[2026-02-05 12:56:57.652710+09:00] Processing Price Update (Market Open: True)...
[2026-02-05 12:57:28.516297+09:00] Processing Price Update (Market Open: True)...
  -> KOSPI: Synced 325 stock changes.
  -> KOSDAQ: Synced 393 stock changes.
[2026-02-05 12:57:59.945388+09:00] Processing Price Update (Market Open: True)...
[2026-02-05 12:58:30.776494+09:00] Processing Price Update (Market Open: True)...
  -> KOSPI: Synced 330 stock changes.
  -> KOSDAQ: Synced 390 stock changes.
[2026-02-05 12:59:01.947974+09:00] Processing Price Update (Market Open: True)...
  -> KOSPI: Synced 14 stock changes.
  -> KOSDAQ: Synced 34 stock changes.
[2026-02-05 12:59:33.012994+09:00] Processing Price Update (Market Open: True)...
  -> KOSPI: Synced 320 stock changes.
  -> KOSDAQ: Synced 370 stock changes.
[2026-02-05 13:00:04.219744+09:00] Processing Price Update (Market Open: True)...
  -> KOSPI: Synced 46 stock changes.
  -> KOSDAQ: Synced 56 stock changes.
[2026-02-05 13:00:35.304139+09:00] Processing Price Update (Market Open: True)...
  -> KOSPI: Synced 289 stock changes.
  -> KOSDAQ: Synced 355 stock changes.
[2026-02-05 13:01:06.528319+09:00] Processing Price Update (Market Open: True)...
  -> KOSPI: Synced 101 stock changes.
  -> KOSDAQ: Synced 208 stock changes.
[2026-02-05 13:01:37.671337+09:00] Processing Price Update (Market Open: True)...
  -> KOSPI: Synced 320 stock changes.
  -> KOSDAQ: Synced 301 stock changes.
[2026-02-05 13:02:08.871602+09:00] Processing Price Update (Market Open: True)...
  -> KOSPI: Synced 142 stock changes.
  -> KOSDAQ: Synced 259 stock changes.
[2026-02-05 13:02:40.021487+09:00] Processing Price Update (Market Open: True)...
  -> KOSPI: Synced 254 stock changes.
  -> KOSDAQ: Synced 263 stock changes.
[2026-02-05 13:03:11.128942+09:00] Processing Price Update (Market Open: True)...
  -> KOSPI: Synced 252 stock changes.
  -> KOSDAQ: Synced 321 stock changes.
[2026-02-05 13:03:42.299168+09:00] Processing Price Update (Market Open: True)...
  -> KOSPI: Synced 104 stock changes.
  -> KOSDAQ: Synced 123 stock changes.
[2026-02-05 13:04:13.427392+09:00] Processing Price Update (Market Open: True)...
  -> KOSPI: Synced 277 stock changes.
  -> KOSDAQ: Synced 402 stock changes.
[2026-02-05 13:04:44.596279+09:00] Processing Price Update (Market Open: True)...
  -> KOSPI: Synced 64 stock changes.
  -> KOSDAQ: Synced 12 stock changes.
[2026-02-05 13:05:15.678725+09:00] Processing Price Update (Market Open: True)...
  -> KOSPI: Synced 362 stock changes.
  -> KOSDAQ: Synced 399 stock changes.
[2026-02-05 13:05:46.840565+09:00] Processing Price Update (Market Open: True)...
  -> KOSPI: Synced 20 stock changes.
[2026-02-05 13:06:17.810104+09:00] Processing Price Update (Market Open: True)...
  -> KOSPI: Synced 344 stock changes.
  -> KOSDAQ: Synced 403 stock changes.
[2026-02-05 13:06:49.025517+09:00] Processing Price Update (Market Open: True)...
  -> KOSPI: Synced 5 stock changes.
[2026-02-05 13:07:20.047076+09:00] Processing Price Update (Market Open: True)...
  -> KOSPI: Synced 374 stock changes.
  -> KOSDAQ: Synced 449 stock changes.
[2026-02-05 13:07:51.230963+09:00] Processing Price Update (Market Open: True)...
  -> KOSDAQ: Synced 1 stock changes.
[2026-02-05 13:08:22.220210+09:00] Processing Price Update (Market Open: True)...
  -> KOSPI: Synced 332 stock changes.
  -> KOSDAQ: Synced 420 stock changes.
[2026-02-05 13:08:53.403447+09:00] Processing Price Update (Market Open: True)...
  -> KOSDAQ: Synced 2 stock changes.
[2026-02-05 13:09:24.416103+09:00] Processing Price Update (Market Open: True)...
  -> KOSPI: Synced 332 stock changes.
  -> KOSDAQ: Synced 366 stock changes.
[2026-02-05 13:09:55.579829+09:00] Processing Price Update (Market Open: True)...
  -> KOSPI: Synced 1 stock changes.
[2026-02-05 13:10:26.506934+09:00] Processing Price Update (Market Open: True)...
  -> KOSPI: Synced 331 stock changes.
  -> KOSDAQ: Synced 365 stock changes.
[2026-02-05 13:10:57.721194+09:00] Processing Price Update (Market Open: True)...
[2026-02-05 13:11:28.603461+09:00] Processing Price Update (Market Open: True)...
  -> KOSPI: Synced 350 stock changes.
  -> KOSDAQ: Synced 380 stock changes.
[2026-02-05 13:11:59.713529+09:00] Processing Price Update (Market Open: True)...
[2026-02-05 13:12:30.487946+09:00] Processing Price Update (Market Open: True)...
  -> KOSPI: Synced 336 stock changes.
  -> KOSDAQ: Synced 385 stock changes.
[2026-02-05 13:13:01.572094+09:00] Processing Price Update (Market Open: True)...
  -> KOSPI: Synced 15 stock changes.
  -> KOSDAQ: Synced 25 stock changes.
[2026-02-05 13:13:32.600592+09:00] Processing Price Update (Market Open: True)...
  -> KOSPI: Synced 319 stock changes.
  -> KOSDAQ: Synced 347 stock changes.
[2026-02-05 13:14:03.658997+09:00] Processing Price Update (Market Open: True)...
  -> KOSPI: Synced 44 stock changes.
  -> KOSDAQ: Synced 79 stock changes.
[2026-02-05 13:14:34.705173+09:00] Processing Price Update (Market Open: True)...
  -> KOSPI: Synced 263 stock changes.
  -> KOSDAQ: Synced 306 stock changes.
[2026-02-05 13:15:05.787531+09:00] Processing Price Update (Market Open: True)...
  -> KOSPI: Synced 99 stock changes.
  -> KOSDAQ: Synced 168 stock changes.
[2026-02-05 13:15:36.925935+09:00] Processing Price Update (Market Open: True)...
  -> KOSPI: Synced 267 stock changes.
  -> KOSDAQ: Synced 270 stock changes.
[2026-02-05 13:16:08.208975+09:00] Processing Price Update (Market Open: True)...
  -> KOSPI: Synced 144 stock changes.
  -> KOSDAQ: Synced 186 stock changes.
[2026-02-05 13:16:39.763151+09:00] Processing Price Update (Market Open: True)...
  -> KOSPI: Synced 183 stock changes.
  -> KOSDAQ: Synced 205 stock changes.
[2026-02-05 13:17:10.809180+09:00] Processing Price Update (Market Open: True)...
  -> KOSPI: Synced 245 stock changes.
  -> KOSDAQ: Synced 373 stock changes.
[2026-02-05 13:17:41.946975+09:00] Processing Price Update (Market Open: True)...
  -> KOSPI: Synced 115 stock changes.
  -> KOSDAQ: Synced 75 stock changes.
[2026-02-05 13:18:13.231211+09:00] Processing Price Update (Market Open: True)...
  -> KOSPI: Synced 290 stock changes.
  -> KOSDAQ: Synced 418 stock changes.
[2026-02-05 13:18:44.371441+09:00] Processing Price Update (Market Open: True)...
  -> KOSPI: Synced 85 stock changes.
  -> KOSDAQ: Synced 37 stock changes.
[2026-02-05 13:19:15.446136+09:00] Processing Price Update (Market Open: True)...
  -> KOSPI: Synced 316 stock changes.
  -> KOSDAQ: Synced 410 stock changes.
[2026-02-05 13:19:46.563680+09:00] Processing Price Update (Market Open: True)...
  -> KOSPI: Synced 13 stock changes.
[2026-02-05 13:20:17.483886+09:00] Processing Price Update (Market Open: True)...
  -> KOSPI: Synced 312 stock changes.
  -> KOSDAQ: Synced 410 stock changes.
[2026-02-05 13:20:48.612119+09:00] Processing Price Update (Market Open: True)...
  -> KOSPI: Synced 22 stock changes.
  -> KOSDAQ: Synced 1 stock changes.
[2026-02-05 13:21:19.632329+09:00] Processing Price Update (Market Open: True)...
  -> KOSPI: Synced 344 stock changes.
  -> KOSDAQ: Synced 413 stock changes.
[2026-02-05 13:21:50.777879+09:00] Processing Price Update (Market Open: True)...
  -> KOSPI: Synced 1 stock changes.
[2026-02-05 13:22:21.692183+09:00] Processing Price Update (Market Open: True)...
  -> KOSPI: Synced 315 stock changes.
  -> KOSDAQ: Synced 410 stock changes.
[2026-02-05 13:22:52.816018+09:00] Processing Price Update (Market Open: True)...
[2026-02-05 13:23:23.575026+09:00] Processing Price Update (Market Open: True)...
  -> KOSPI: Synced 336 stock changes.
  -> KOSDAQ: Synced 376 stock changes.
[2026-02-05 13:23:54.912558+09:00] Processing Price Update (Market Open: True)...
[2026-02-05 13:24:25.738743+09:00] Processing Price Update (Market Open: True)...
  -> KOSPI: Synced 334 stock changes.
  -> KOSDAQ: Synced 389 stock changes.
[2026-02-05 13:24:56.903681+09:00] Processing Price Update (Market Open: True)...
[2026-02-05 13:25:27.736341+09:00] Processing Price Update (Market Open: True)...
  -> KOSPI: Synced 317 stock changes.
  -> KOSDAQ: Synced 384 stock changes.
[2026-02-05 13:25:59.229890+09:00] Processing Price Update (Market Open: True)...
[2026-02-05 13:26:30.005605+09:00] Processing Price Update (Market Open: True)...
  -> KOSPI: Synced 318 stock changes.
  -> KOSDAQ: Synced 401 stock changes.
[2026-02-05 13:27:01.166149+09:00] Processing Price Update (Market Open: True)...
  -> KOSDAQ: Synced 14 stock changes.
[2026-02-05 13:27:32.052814+09:00] Processing Price Update (Market Open: True)...
  -> KOSPI: Synced 329 stock changes.
  -> KOSDAQ: Synced 385 stock changes.
